make.exe all --print-data-base --no-builtin-variables --no-builtin-rules --question
# GNU Make 4.3
# Built for Windows32
# Copyright (C) 1988-2020 Free Software Foundation, Inc.
# License GPLv3+: GNU GPL version 3 or later <http://gnu.org/licenses/gpl.html>
# This is free software: you are free to change and redistribute it.
# There is NO WARRANTY, to the extent permitted by law.

# Make data base, printed on Sun Jan 09 23:20:48 2022

# Variables

# environment
FPS_BROWSER_APP_PROFILE_STRING = Internet Explorer
# environment
SYSTEMDRIVE = C:
# makefile (from 'Makefile', line 18)
OUTPUT := output
# environment
LC_ALL = C
# makefile (from 'Makefile', line 21)
SRC := src
# environment
USERPROFILE = C:\Users\kevin
# makefile (from 'Makefile', line 36)
MD := mkdir
# environment
LOCALAPPDATA = C:\Users\kevin\AppData\Local
# environment
VSCODE_IPC_HOOK_EXTHOST = \\.\pipe\vscode-ipc-c8489115-3ac5-4c8b-905d-238ce035392a-sock
# environment
VSCODE_CWD = C:\Users\kevin\AppData\Local\Programs\Microsoft VS Code
# environment
SYSTEMROOT = C:\WINDOWS
# makefile (from 'Makefile', line 51)
LIBS := -Llib
# environment
PROCESSOR_LEVEL = 6
# environment
PSMODULEPATH = C:\Program Files\WindowsPowerShell\Modules;C:\WINDOWS\system32\WindowsPowerShell\v1.0\Modules
# default
MAKE_COMMAND := make.exe
# automatic
@D = $(patsubst %/,%,$(patsubst %\,%,$(dir $@)))
# environment
CHROME_CRASHPAD_PIPE_NAME = \\.\pipe\crashpad_21292_WVYNUCRAMKONKEYU
# environment
FPS_BROWSER_USER_PROFILE_STRING = Default
# environment
VSCODE_HANDLES_UNCAUGHT_ERRORS = true
# default
.VARIABLES := 
# automatic
%D = $(patsubst %/,%,$(patsubst %\,%,$(dir $%)))
# automatic
^D = $(patsubst %/,%,$(patsubst %\,%,$(dir $^)))
# environment
VSCODE_LOG_STACK = false
# automatic
%F = $(notdir $%)
# environment
VSCODE_CODE_CACHE_PATH = C:\Users\kevin\AppData\Roaming\Code\CachedData\899d46d82c4c95423fb7e10e68eba52050e30ba3
# environment
LANG = C
# default
.LOADED := 
# environment
TMP = C:\Users\kevin\AppData\Local\Temp
# default
.INCLUDE_DIRS = .
# makefile
MAKEFLAGS = pqrR
# environment
ONEDRIVE = C:\Users\kevin\OneDrive
# makefile
CURDIR := c:/Users/kevin/wordle
# environment
VSCODE_PIPE_LOGGING = true
# environment
APPLICATION_INSIGHTS_NO_DIAGNOSTIC_CHANNEL = true
# automatic
*D = $(patsubst %/,%,$(patsubst %\,%,$(dir $*)))
# environment
PROGRAMFILES = C:\Program Files
# environment
MFLAGS = -pqrR
# makefile (from 'Makefile', line 65)
OUTPUTMAIN := output\main.exe
# default
.SHELLFLAGS := -c
# environment
COMMONPROGRAMW6432 = C:\Program Files\Common Files
# automatic
+D = $(patsubst %/,%,$(patsubst %\,%,$(dir $+)))
# makefile (from 'Makefile', line 1)
MAKEFILE_LIST := Makefile
# automatic
@F = $(notdir $@)
# environment
VSCODE_VERBOSE_LOGGING = true
# environment
VSCODE_PID = 21292
# automatic
?D = $(patsubst %/,%,$(patsubst %\,%,$(dir $?)))
# makefile (from 'Makefile', line 48)
INCLUDES := -Iinclude
# automatic
*F = $(notdir $*)
# makefile (from 'Makefile', line 27)
LIB := lib
# automatic
<D = $(patsubst %/,%,$(patsubst %\,%,$(dir $<)))
# environment
VSCODE_NLS_CONFIG = {"locale":"en-us","availableLanguages":{},"_languagePackSupport":true}
# makefile (from 'Makefile', line 24)
INCLUDE := include
# environment
ONEDRIVECONSUMER = C:\Users\kevin\OneDrive
# default
MAKE_HOST := Windows32
# environment
PROGRAMDATA = C:\ProgramData
# default
SHELL := sh.exe
# environment
HOMEPATH = \Users\kevin
# default
MAKECMDGOALS := all
# environment
DRIVERDATA = C:\Windows\System32\Drivers\DriverData
# environment
COMSPEC = C:\WINDOWS\system32\cmd.exe
# environment
WINDIR = C:\WINDOWS
# environment
MAKELEVEL := 0
# default
MAKE = $(MAKE_COMMAND)
# environment
PATH = C:\Program Files (x86)\Common Files\Oracle\Java\javapath;C:\Program Files\Common Files\Oracle\Java\javapath;C:\Program Files (x86)\Intel\iCLS Client\;C:\Program Files\Intel\iCLS Client\;C:\Windows\system32;C:\Windows;C:\Windows\System32\Wbem;C:\Windows\System32\WindowsPowerShell\v1.0\;C:\Program Files (x86)\NVIDIA Corporation\PhysX\Common;C:\Program Files (x86)\Intel\Intel(R) Management Engine Components\DAL;C:\Program Files\Intel\Intel(R) Management Engine Components\DAL;C:\Program Files (x86)\Intel\Intel(R) Management Engine Components\IPT;C:\Program Files\Intel\Intel(R) Management Engine Components\IPT;C:\WINDOWS\system32;C:\WINDOWS;C:\WINDOWS\System32\Wbem;C:\WINDOWS\System32\WindowsPowerShell\v1.0\;C:\WINDOWS\System32\OpenSSH\;C:\Program Files\Git\cmd;C:\Program Files\Docker\Docker\resources\bin;C:\ProgramData\DockerDesktop\version-bin;C:\Users\kevin\AppData\Local\Programs\Python\Python37\Scripts\;C:\Users\kevin\AppData\Local\Programs\Python\Python37\;C:\Users\kevin\AppData\Local\Programs\Python\Python39\Scripts;C:\Users\kevin\AppData\Local\Programs\Python\Python39;C:\Users\kevin\AppData\Local\Microsoft\WindowsApps;C:\Users\kevin\AppData\Roaming\Microsoft\Windows\Start Menu\Programs\Python 3.7;C:\Program Files (x86)\pypy3-v6.0.0-win32;C:\MinGW\bin;C:\Users\kevin\AppData\Local\Programs\Microsoft VS Code\bin;C:\Program Files\pypy3.7-v7.3.3-win32;C:\msys64\mingw64\bin;
# environment
COMPUTERNAME = DESKTOP-RUL0JNP
# default
MAKEFILES := 
# automatic
^F = $(notdir $^)
# environment
PROMPT = $P$G
# makefile (from 'Makefile', line 30)
MAIN := main.exe
# makefile (from 'Makefile', line 33)
LIBDIRS := lib
# environment
LOGONSERVER = \\DESKTOP-RUL0JNP
# environment
VSCODE_LOG_NATIVE = false
# environment
USERNAME = kevin
# environment
COMMONPROGRAMFILES = C:\Program Files\Common Files
# automatic
?F = $(notdir $?)
# makefile (from 'Makefile', line 32)
INCLUDEDIRS := include
# environment
PROGRAMW6432 = C:\Program Files
# environment
PATHEXT = .COM;.EXE;.BAT;.CMD;.VBS;.VBE;.JS;.JSE;.WSF;.WSH;.MSC
# automatic
+F = $(notdir $+)
# environment
ORIGINAL_XDG_CURRENT_DESKTOP = undefined
# makefile (from 'Makefile', line 57)
OBJECTS := src/main.o src/wordle.o src/wordle_solver.o
# environment
USERDOMAIN = DESKTOP-RUL0JNP
# 'override' directive
GNUMAKEFLAGS := 
# environment
OS = Windows_NT
# makefile
.DEFAULT_GOAL := all
# makefile (from 'Makefile', line 35)
RM := del /q /f
# default
MAKE_VERSION := 4.3
# makefile (from 'Makefile', line 34)
FIXPATH = $(subst /,\,$1)
# environment
PROGRAMFILES(X86) = C:\Program Files (x86)
# environment
USERDOMAIN_ROAMINGPROFILE = DESKTOP-RUL0JNP
# environment
NUMBER_OF_PROCESSORS = 12
# environment
PUBLIC = C:\Users\Public
# makefile (from 'Makefile', line 31)
SOURCEDIRS := src
# environment
APPDATA = C:\Users\kevin\AppData\Roaming
# environment
HOMEDRIVE = C:
# environment
PROCESSOR_ARCHITECTURE = AMD64
# environment
VSCODE_AMD_ENTRYPOINT = vs/workbench/services/extensions/node/extensionHostProcess
# environment
COMMONPROGRAMFILES(X86) = C:\Program Files (x86)\Common Files
# environment
ELECTRON_RUN_AS_NODE = 1
# environment
TEMP = C:\Users\kevin\AppData\Local\Temp
# environment
VSCODE_IPC_HOOK = \\.\pipe\80a4b38e2f81e1b7b0df28dec36de974-1.63.2-main-sock
# default
.RECIPEPREFIX := 
# automatic
<F = $(notdir $<)
# default
SUFFIXES := 
# environment
ALLUSERSPROFILE = C:\ProgramData
# environment
SESSIONNAME = Console
# makefile (from 'Makefile', line 10)
CXXFLAGS := -std=c++17 -Wall -Wextra -g
# default
.FEATURES := target-specific order-only second-expansion else-if shortest-stem undefine oneshell nocomment grouped-target extra-prereqs archives jobserver output-sync load
# environment
PROCESSOR_REVISION = 9e0a
# makefile (from 'Makefile', line 7)
CXX = g++
# makefile (from 'Makefile', line 15)
LFLAGS = 
# makefile (from 'Makefile', line 54)
SOURCES := src/main.cpp src/wordle.cpp src/wordle_solver.cpp
# environment
PROCESSOR_IDENTIFIER = Intel64 Family 6 Model 158 Stepping 10, GenuineIntel
# variable set hash-table stats:
# Load=113/1024=11%, Rehash=0, Collisions=18/167=11%

# Pattern-specific Variable Values

# No pattern-specific variable values.

# Directories

# src (key c:/Users/kevin/wordle/src, mtime 1641787817): 11 files, no impossibilities.
# . (key c:/Users/kevin/wordle, mtime 1641696521): 11 files, no impossibilities.

# 22 files, no impossibilities in 2 directories.

# Implicit Rules

# No implicit rules.

# Files

main.exe: src/main.o src/wordle.o src/wordle_solver.o
#  Implicit rule search has not been done.
#  Implicit/static pattern stem: ''
#  File does not exist.
#  File has been updated.
#  Needs to be updated (-q is set).
# automatic
# @ := main.exe
# automatic
# * := 
# automatic
# < := src/main.o
# automatic
# + := src/main.o src/wordle.o src/wordle_solver.o
# automatic
# % := 
# automatic
# ^ := src/main.o src/wordle.o src/wordle_solver.o
# automatic
# ? := src/main.o src/wordle.o src/wordle_solver.o
# automatic
# | := 
# variable set hash-table stats:
# Load=8/32=25%, Rehash=0, Collisions=4/18=22%
#  recipe to execute (from 'Makefile', line 74):
	$(CXX) $(CXXFLAGS) $(INCLUDES) -o $(OUTPUTMAIN) $(OBJECTS) $(LFLAGS) $(LIBS)

# Not a target:
Makefile:
#  Implicit rule search has been done.
#  Last modified 2022-01-05 00:24:18
#  File has been updated.
#  Successfully updated.

clean:
#  Phony target (prerequisite of .PHONY).
#  Implicit rule search has not been done.
#  File does not exist.
#  File has not been updated.
#  recipe to execute (from 'Makefile', line 85):
	$(RM) $(OUTPUTMAIN)
	$(RM) $(call FIXPATH,$(OBJECTS))
	@echo Cleanup complete!

.cpp.o:
#  Implicit rule search has not been done.
#  Modification time never checked.
#  File has not been updated.
#  recipe to execute (from 'Makefile', line 81):
	$(CXX) $(CXXFLAGS) $(INCLUDES) -c $<  -o $@

# Not a target:
src/main.o:
#  Implicit rule search has been done.
#  Last modified 2022-01-09 14:06:56
#  File has been updated.
#  Successfully updated.

# Not a target:
.DEFAULT:
#  Implicit rule search has not been done.
#  Modification time never checked.
#  File has not been updated.

output:
#  Implicit rule search has not been done.
#  Last modified 2022-01-09 23:10:17
#  File has been updated.
#  Successfully updated.
#  recipe to execute (from 'Makefile', line 71):
	$(MD) $(OUTPUT)

all: output main.exe
#  Command line target.
#  Implicit rule search has not been done.
#  File does not exist.
#  File has been updated.
#  Needs to be updated (-q is set).
# variable set hash-table stats:
# Load=0/32=0%, Rehash=0, Collisions=0/10=0%
#  recipe to execute (from 'Makefile', line 68):
	@echo Executing 'all' complete!

run: all
#  Implicit rule search has not been done.
#  Modification time never checked.
#  File has not been updated.
#  recipe to execute (from 'Makefile', line 90):
	./$(OUTPUTMAIN)
	@echo Executing 'run: all' complete!

# Not a target:
src/wordle_solver.o:
#  Implicit rule search has been done.
#  Last modified 2022-01-09 23:10:17
#  File has been updated.
#  Successfully updated.

# Not a target:
src/wordle.o:
#  Implicit rule search has been done.
#  Last modified 2022-01-09 23:10:16
#  File has been updated.
#  Successfully updated.

# Not a target:
.SUFFIXES:
#  Implicit rule search has not been done.
#  Modification time never checked.
#  File has not been updated.

.PHONY: clean
#  Implicit rule search has not been done.
#  Modification time never checked.
#  File has not been updated.

# files hash-table stats:
# Load=13/1024=1%, Rehash=0, Collisions=0/35=0%
# VPATH Search Paths

# No 'vpath' search paths.

# No general ('VPATH' variable) search path.

# strcache buffers: 1 (0) / strings = 31 / storage = 277 B / avg = 8 B
# current buf: size = 8162 B / used = 277 B / count = 31 / avg = 8 B

# strcache performance: lookups = 52 / hit rate = 40%
# hash-table stats:
# Load=31/8192=0%, Rehash=0, Collisions=0/52=0%
# Finished Make data base on Sun Jan 09 23:20:48 2022

 
